{
  "stats": {
    "suites": 1,
    "tests": 1,
    "passes": 1,
    "pending": 0,
    "failures": 0,
    "start": "2025-04-07T04:31:06.951Z",
    "end": "2025-04-07T04:31:10.886Z",
    "duration": 3935,
    "testsRegistered": 1,
    "passPercent": 100,
    "pendingPercent": 0,
    "other": 0,
    "hasOther": false,
    "skipped": 0,
    "hasSkipped": false
  },
  "results": [
    {
      "uuid": "039e340a-7b26-4f35-8bf6-8b180fd1cc72",
      "title": "",
      "fullFile": "cypress\\e2e\\ui\\sauceDemo.cy.ts",
      "file": "cypress\\e2e\\ui\\sauceDemo.cy.ts",
      "beforeHooks": [],
      "afterHooks": [],
      "tests": [],
      "suites": [
        {
          "uuid": "6ebf56dd-7b48-4ab9-aec3-9aa5ab960960",
          "title": "Sauce Demo E2E Test",
          "fullFile": "",
          "file": "",
          "beforeHooks": [],
          "afterHooks": [],
          "tests": [
            {
              "title": "should login and complete a purchase",
              "fullTitle": "Sauce Demo E2E Test should login and complete a purchase",
              "timedOut": null,
              "duration": 3870,
              "state": "passed",
              "speed": "fast",
              "pass": true,
              "fail": false,
              "pending": false,
              "context": null,
              "code": "const data = this.userData;\n// Login\nsauceDemoPage.login(data.username, data.password);\n// Add items to cart\nsauceDemoPage.addToCart(data.product1);\nsauceDemoPage.addToCart(data.product2);\n// Go to cart and checkout\nsauceDemoPage.goToCart();\nsauceDemoPage.checkout(data.firstName, data.lastName, data.postalCode);\nsauceDemoPage.finish();\n// Verify success message\nsauceDemoPage.getSuccessMessage().should('contain.text', data.orderMessage);",
              "err": {},
              "uuid": "eab4c0e4-f16e-4df0-9bf8-1d9ce6c6245c",
              "parentUUID": "6ebf56dd-7b48-4ab9-aec3-9aa5ab960960",
              "isHook": false,
              "skipped": false
            }
          ],
          "suites": [],
          "passes": [
            "eab4c0e4-f16e-4df0-9bf8-1d9ce6c6245c"
          ],
          "failures": [],
          "pending": [],
          "skipped": [],
          "duration": 3870,
          "root": false,
          "rootEmpty": false,
          "_timeout": 2000
        }
      ],
      "passes": [],
      "failures": [],
      "pending": [],
      "skipped": [],
      "duration": 0,
      "root": true,
      "rootEmpty": true,
      "_timeout": 2000
    }
  ],
  "meta": {
    "mocha": {
      "version": "7.0.1"
    },
    "mochawesome": {
      "options": {
        "quiet": false,
        "reportFilename": "mochawesome",
        "saveHtml": false,
        "saveJson": true,
        "consoleReporter": "spec",
        "useInlineDiffs": false,
        "code": true
      },
      "version": "7.1.3"
    },
    "marge": {
      "options": {
        "reportDir": "cypress/reports",
        "overwrite": false,
        "html": false,
        "json": true
      },
      "version": "6.2.0"
    }
  }
}