{
  "stats": {
    "suites": 1,
    "tests": 1,
    "passes": 1,
    "pending": 0,
    "failures": 0,
    "start": "2025-04-07T04:32:23.109Z",
    "end": "2025-04-07T04:32:47.813Z",
    "duration": 24704,
    "testsRegistered": 1,
    "passPercent": 100,
    "pendingPercent": 0,
    "other": 0,
    "hasOther": false,
    "skipped": 0,
    "hasSkipped": false
  },
  "results": [
    {
      "uuid": "9d6bd584-60aa-4f1c-b55e-0466d1027607",
      "title": "",
      "fullFile": "cypress\\e2e\\ui\\sauceDemo.cy.ts",
      "file": "cypress\\e2e\\ui\\sauceDemo.cy.ts",
      "beforeHooks": [],
      "afterHooks": [],
      "tests": [],
      "suites": [
        {
          "uuid": "3b98803d-0d90-4f96-8f13-a5fbbdaad757",
          "title": "Sauce Demo E2E Test",
          "fullFile": "",
          "file": "",
          "beforeHooks": [],
          "afterHooks": [],
          "tests": [
            {
              "title": "should login and complete a purchase",
              "fullTitle": "Sauce Demo E2E Test should login and complete a purchase",
              "timedOut": null,
              "duration": 24655,
              "state": "passed",
              "speed": "slow",
              "pass": true,
              "fail": false,
              "pending": false,
              "context": null,
              "code": "const data = this.userData;\n// Login\nsauceDemoPage.login(data.username, data.password);\n// Add items to cart\nsauceDemoPage.addToCart(data.product1);\nsauceDemoPage.addToCart(data.product2);\n// Go to cart and checkout\nsauceDemoPage.goToCart();\nsauceDemoPage.checkout(data.firstName, data.lastName, data.postalCode);\nsauceDemoPage.finish();\n// Verify success message\nsauceDemoPage.getSuccessMessage().should('contain.text', data.orderMessage);",
              "err": {},
              "uuid": "85f8e8b1-1331-433e-a95e-79f9b0ae7b45",
              "parentUUID": "3b98803d-0d90-4f96-8f13-a5fbbdaad757",
              "isHook": false,
              "skipped": false
            }
          ],
          "suites": [],
          "passes": [
            "85f8e8b1-1331-433e-a95e-79f9b0ae7b45"
          ],
          "failures": [],
          "pending": [],
          "skipped": [],
          "duration": 24655,
          "root": false,
          "rootEmpty": false,
          "_timeout": 2000
        }
      ],
      "passes": [],
      "failures": [],
      "pending": [],
      "skipped": [],
      "duration": 0,
      "root": true,
      "rootEmpty": true,
      "_timeout": 2000
    }
  ],
  "meta": {
    "mocha": {
      "version": "7.0.1"
    },
    "mochawesome": {
      "options": {
        "quiet": false,
        "reportFilename": "mochawesome",
        "saveHtml": true,
        "saveJson": true,
        "consoleReporter": "spec",
        "useInlineDiffs": false,
        "code": true
      },
      "version": "7.1.3"
    },
    "marge": {
      "options": {
        "reportDir": "cypress/reports",
        "overwrite": false,
        "html": true,
        "json": true
      },
      "version": "6.2.0"
    }
  }
}