{
  "stats": {
    "suites": 1,
    "tests": 1,
    "passes": 1,
    "pending": 0,
    "failures": 0,
    "start": "2025-04-07T04:29:21.436Z",
    "end": "2025-04-07T04:29:25.285Z",
    "duration": 3849,
    "testsRegistered": 1,
    "passPercent": 100,
    "pendingPercent": 0,
    "other": 0,
    "hasOther": false,
    "skipped": 0,
    "hasSkipped": false
  },
  "results": [
    {
      "uuid": "88f178f0-1e70-486a-9152-b3c1ce9c6c26",
      "title": "",
      "fullFile": "cypress\\e2e\\ui\\sauceDemo.cy.ts",
      "file": "cypress\\e2e\\ui\\sauceDemo.cy.ts",
      "beforeHooks": [],
      "afterHooks": [],
      "tests": [],
      "suites": [
        {
          "uuid": "a093a83a-7713-4fc3-8076-45724a6313ac",
          "title": "Sauce Demo E2E Test",
          "fullFile": "",
          "file": "",
          "beforeHooks": [],
          "afterHooks": [],
          "tests": [
            {
              "title": "should login and complete a purchase",
              "fullTitle": "Sauce Demo E2E Test should login and complete a purchase",
              "timedOut": null,
              "duration": 3785,
              "state": "passed",
              "speed": "fast",
              "pass": true,
              "fail": false,
              "pending": false,
              "context": null,
              "code": "const data = this.userData;\n// Login\nsauceDemoPage.login(data.username, data.password);\n// Add items to cart\nsauceDemoPage.addToCart(data.product1);\nsauceDemoPage.addToCart(data.product2);\n// Go to cart and checkout\nsauceDemoPage.goToCart();\nsauceDemoPage.checkout(data.firstName, data.lastName, data.postalCode);\nsauceDemoPage.finish();\n// Verify success message\nsauceDemoPage.getSuccessMessage().should('contain.text', data.orderMessage);",
              "err": {},
              "uuid": "a79e4fd6-00e9-4b2d-aa69-99eb6879cc10",
              "parentUUID": "a093a83a-7713-4fc3-8076-45724a6313ac",
              "isHook": false,
              "skipped": false
            }
          ],
          "suites": [],
          "passes": [
            "a79e4fd6-00e9-4b2d-aa69-99eb6879cc10"
          ],
          "failures": [],
          "pending": [],
          "skipped": [],
          "duration": 3785,
          "root": false,
          "rootEmpty": false,
          "_timeout": 2000
        }
      ],
      "passes": [],
      "failures": [],
      "pending": [],
      "skipped": [],
      "duration": 0,
      "root": true,
      "rootEmpty": true,
      "_timeout": 2000
    }
  ],
  "meta": {
    "mocha": {
      "version": "7.0.1"
    },
    "mochawesome": {
      "options": {
        "quiet": false,
        "reportFilename": "mochawesome",
        "saveHtml": false,
        "saveJson": true,
        "consoleReporter": "spec",
        "useInlineDiffs": false,
        "code": true
      },
      "version": "7.1.3"
    },
    "marge": {
      "options": {
        "reportDir": "cypress/reports",
        "overwrite": false,
        "html": false,
        "json": true
      },
      "version": "6.2.0"
    }
  }
}