{
  "stats": {
    "suites": 1,
    "tests": 4,
    "passes": 4,
    "pending": 0,
    "failures": 0,
    "start": "2025-04-07T04:31:03.729Z",
    "end": "2025-04-07T04:31:04.870Z",
    "duration": 1141,
    "testsRegistered": 4,
    "passPercent": 100,
    "pendingPercent": 0,
    "other": 0,
    "hasOther": false,
    "skipped": 0,
    "hasSkipped": false
  },
  "results": [
    {
      "uuid": "ccde5515-6e20-4305-8110-8675f1ed8fd5",
      "title": "",
      "fullFile": "cypress\\e2e\\api\\demoblazeAuth.cy.ts",
      "file": "cypress\\e2e\\api\\demoblazeAuth.cy.ts",
      "beforeHooks": [],
      "afterHooks": [],
      "tests": [],
      "suites": [
        {
          "uuid": "93ea90f4-3e30-4e52-8e33-2caefd1c0af3",
          "title": "Demoblaze API Tests - Signup & Login",
          "fullFile": "",
          "file": "",
          "beforeHooks": [],
          "afterHooks": [],
          "tests": [
            {
              "title": "Create a new user (signup)",
              "fullTitle": "Demoblaze API Tests - Signup & Login Create a new user (signup)",
              "timedOut": null,
              "duration": 467,
              "state": "passed",
              "speed": "fast",
              "pass": true,
              "fail": false,
              "pending": false,
              "context": null,
              "code": "cy.request({\n    method: 'POST',\n    url: `${baseUrl}/signup`,\n    body: {\n        username: randomUser,\n        password: password\n    },\n    failOnStatusCode: false\n}).then((response) => {\n    expect(response.status).to.eq(200);\n});",
              "err": {},
              "uuid": "f8f844f1-10d0-41a0-98c6-b49818329a8c",
              "parentUUID": "93ea90f4-3e30-4e52-8e33-2caefd1c0af3",
              "isHook": false,
              "skipped": false
            },
            {
              "title": "Try to sign up with an existing user",
              "fullTitle": "Demoblaze API Tests - Signup & Login Try to sign up with an existing user",
              "timedOut": null,
              "duration": 170,
              "state": "passed",
              "speed": "fast",
              "pass": true,
              "fail": false,
              "pending": false,
              "context": null,
              "code": "cy.request({\n    method: 'POST',\n    url: `${baseUrl}/signup`,\n    body: {\n        username: randomUser,\n        password: password\n    },\n    failOnStatusCode: false\n}).then((response) => {\n    expect(response.status).to.eq(200);\n    expect(response.body).to.have.property('errorMessage', 'This user already exist.');\n});",
              "err": {},
              "uuid": "808f89a5-5a92-41fb-9d33-9449b7489857",
              "parentUUID": "93ea90f4-3e30-4e52-8e33-2caefd1c0af3",
              "isHook": false,
              "skipped": false
            },
            {
              "title": "Login with correct username and password",
              "fullTitle": "Demoblaze API Tests - Signup & Login Login with correct username and password",
              "timedOut": null,
              "duration": 237,
              "state": "passed",
              "speed": "fast",
              "pass": true,
              "fail": false,
              "pending": false,
              "context": null,
              "code": "cy.request({\n    method: 'POST',\n    url: `${baseUrl}/login`,\n    body: {\n        username: randomUser,\n        password: password\n    },\n    failOnStatusCode: false\n}).then((response) => {\n    expect(response.status).to.eq(200);\n    const tokenString = response.body;\n    // Extract the token after 'Auth_token: '\n    const token = tokenString.replace('Auth_token: ', '');\n    // assert it exists\n    expect(token).to.not.be.empty;\n});",
              "err": {},
              "uuid": "d3f0833e-fb84-400b-bf12-9521869e9080",
              "parentUUID": "93ea90f4-3e30-4e52-8e33-2caefd1c0af3",
              "isHook": false,
              "skipped": false
            },
            {
              "title": "Login with incorrect username and password",
              "fullTitle": "Demoblaze API Tests - Signup & Login Login with incorrect username and password",
              "timedOut": null,
              "duration": 174,
              "state": "passed",
              "speed": "fast",
              "pass": true,
              "fail": false,
              "pending": false,
              "context": null,
              "code": "cy.request({\n    method: 'POST',\n    url: `${baseUrl}/login`,\n    body: {\n        username: 'test',\n        password: password\n    },\n    failOnStatusCode: false\n}).then((response) => {\n    expect(response.status).to.eq(200);\n    console;\n    expect(response.body).to.have.property('errorMessage', 'Wrong password.');\n});",
              "err": {},
              "uuid": "361b6d2b-808d-4a6c-b8c9-d3a125d0f887",
              "parentUUID": "93ea90f4-3e30-4e52-8e33-2caefd1c0af3",
              "isHook": false,
              "skipped": false
            }
          ],
          "suites": [],
          "passes": [
            "f8f844f1-10d0-41a0-98c6-b49818329a8c",
            "808f89a5-5a92-41fb-9d33-9449b7489857",
            "d3f0833e-fb84-400b-bf12-9521869e9080",
            "361b6d2b-808d-4a6c-b8c9-d3a125d0f887"
          ],
          "failures": [],
          "pending": [],
          "skipped": [],
          "duration": 1048,
          "root": false,
          "rootEmpty": false,
          "_timeout": 2000
        }
      ],
      "passes": [],
      "failures": [],
      "pending": [],
      "skipped": [],
      "duration": 0,
      "root": true,
      "rootEmpty": true,
      "_timeout": 2000
    }
  ],
  "meta": {
    "mocha": {
      "version": "7.0.1"
    },
    "mochawesome": {
      "options": {
        "quiet": false,
        "reportFilename": "mochawesome",
        "saveHtml": false,
        "saveJson": true,
        "consoleReporter": "spec",
        "useInlineDiffs": false,
        "code": true
      },
      "version": "7.1.3"
    },
    "marge": {
      "options": {
        "reportDir": "cypress/reports",
        "overwrite": false,
        "html": false,
        "json": true
      },
      "version": "6.2.0"
    }
  }
}